[ 2016-07-16T09:54:19+08:00 ] 127.0.0.1 /
INFO: [ app_init ] --START--
INFO: Run Behavior\BuildLiteBehavior [ RunTime:0.000000s ]
INFO: [ app_init ] --END-- [ RunTime:0.119403s ]
INFO: [ app_begin ] --START--
INFO: Run Behavior\ReadHtmlCacheBehavior [ RunTime:0.003001s ]
INFO: [ app_begin ] --END-- [ RunTime:0.003001s ]
SQL: SHOW COLUMNS FROM `focus_pool` [ RunTime:0.0286s ]
SQL: SELECT COUNT(*) AS tp_count FROM `focus_pool` WHERE ( focus_pool.date < '2016-06-01' ) LIMIT 1   [ RunTime:0.0196s ]
SQL: SELECT focus_pool.code,focus_pool.date,`name`,`industry`,`close`,`p_change`,`v2ma20`,`vma20_2_max`,`turnover`,`timetomarket`,`count`,`yield_rate` FROM `focus_pool` left join stocks_info on focus_pool.code = stocks_info.code left join perday_info on focus_pool.code = perday_info.code and focus_pool.date = perday_info.date  WHERE ( focus_pool.date < '2016-06-01' ) ORDER BY yield_rate desc LIMIT 0,20   [ RunTime:1.1068s ]
INFO: [ view_parse ] --START--
INFO: [ template_filter ] --START--
INFO: Run Behavior\ContentReplaceBehavior [ RunTime:0.000000s ]
INFO: [ template_filter ] --END-- [ RunTime:0.000000s ]
INFO: Run Behavior\ParseTemplateBehavior [ RunTime:0.280801s ]
INFO: [ view_parse ] --END-- [ RunTime:0.280801s ]
INFO: [ view_filter ] --START--
INFO: Run Behavior\WriteHtmlCacheBehavior [ RunTime:0.060801s ]
INFO: [ view_filter ] --END-- [ RunTime:0.060801s ]
INFO: [ app_end ] --START--
INFO: Run Behavior\ShowPageTraceBehavior [ RunTime:0.013001s ]
INFO: [ app_end ] --END-- [ RunTime:0.013001s ]

[ 2016-07-16T09:56:17+08:00 ] 127.0.0.1 /index.php/Home/Index/index/p/55.html
INFO: [ app_init ] --START--
INFO: Run Behavior\BuildLiteBehavior [ RunTime:0.000000s ]
INFO: [ app_init ] --END-- [ RunTime:0.004000s ]
INFO: [ app_begin ] --START--
INFO: Run Behavior\ReadHtmlCacheBehavior [ RunTime:0.002000s ]
INFO: [ app_begin ] --END-- [ RunTime:0.003000s ]
SQL: SHOW COLUMNS FROM `focus_pool` [ RunTime:0.0160s ]
SQL: SELECT COUNT(*) AS tp_count FROM `focus_pool` WHERE ( focus_pool.date < '2016-06-01' ) LIMIT 1   [ RunTime:0.0130s ]
SQL: SELECT focus_pool.code,focus_pool.date,`name`,`industry`,`close`,`p_change`,`v2ma20`,`vma20_2_max`,`turnover`,`timetomarket`,`count`,`yield_rate` FROM `focus_pool` left join stocks_info on focus_pool.code = stocks_info.code left join perday_info on focus_pool.code = perday_info.code and focus_pool.date = perday_info.date  WHERE ( focus_pool.date < '2016-06-01' ) ORDER BY yield_rate desc LIMIT 1080,20   [ RunTime:0.2418s ]
INFO: [ view_parse ] --START--
INFO: [ template_filter ] --START--
INFO: Run Behavior\ContentReplaceBehavior [ RunTime:0.000000s ]
INFO: [ template_filter ] --END-- [ RunTime:0.000000s ]
INFO: Run Behavior\ParseTemplateBehavior [ RunTime:0.057003s ]
INFO: [ view_parse ] --END-- [ RunTime:0.059003s ]
INFO: [ view_filter ] --START--
INFO: Run Behavior\WriteHtmlCacheBehavior [ RunTime:0.002000s ]
INFO: [ view_filter ] --END-- [ RunTime:0.002000s ]
INFO: [ app_end ] --START--
INFO: Run Behavior\ShowPageTraceBehavior [ RunTime:0.004000s ]
INFO: [ app_end ] --END-- [ RunTime:0.004000s ]

[ 2016-07-16T09:56:18+08:00 ] 127.0.0.1 /index.php/Home/Index/index/p/favicon.ico
INFO: [ app_init ] --START--
INFO: Run Behavior\BuildLiteBehavior [ RunTime:0.000000s ]
INFO: [ app_init ] --END-- [ RunTime:0.000000s ]

[ 2016-07-16T09:56:18+08:00 ] 127.0.0.1 /index.php/Home/Index/index/p/favicon.ico
INFO: [ app_init ] --START--
INFO: Run Behavior\BuildLiteBehavior [ RunTime:0.000000s ]
INFO: [ app_init ] --END-- [ RunTime:0.001000s ]

[ 2016-07-16T09:56:27+08:00 ] 127.0.0.1 /index.php/Home/Index/index/p/1.html
INFO: [ app_init ] --START--
INFO: Run Behavior\BuildLiteBehavior [ RunTime:0.000000s ]
INFO: [ app_init ] --END-- [ RunTime:0.002000s ]
INFO: [ app_begin ] --START--
INFO: Run Behavior\ReadHtmlCacheBehavior [ RunTime:0.002000s ]
INFO: [ app_begin ] --END-- [ RunTime:0.002000s ]
SQL: SHOW COLUMNS FROM `focus_pool` [ RunTime:0.0180s ]
SQL: SELECT COUNT(*) AS tp_count FROM `focus_pool` WHERE ( focus_pool.date < '2016-06-01' ) LIMIT 1   [ RunTime:0.0150s ]
SQL: SELECT focus_pool.code,focus_pool.date,`name`,`industry`,`close`,`p_change`,`v2ma20`,`vma20_2_max`,`turnover`,`timetomarket`,`count`,`yield_rate` FROM `focus_pool` left join stocks_info on focus_pool.code = stocks_info.code left join perday_info on focus_pool.code = perday_info.code and focus_pool.date = perday_info.date  WHERE ( focus_pool.date < '2016-06-01' ) ORDER BY yield_rate desc LIMIT 0,20   [ RunTime:0.0100s ]
INFO: [ view_parse ] --START--
INFO: [ template_filter ] --START--
INFO: Run Behavior\ContentReplaceBehavior [ RunTime:0.000000s ]
INFO: [ template_filter ] --END-- [ RunTime:0.000000s ]
INFO: Run Behavior\ParseTemplateBehavior [ RunTime:0.078004s ]
INFO: [ view_parse ] --END-- [ RunTime:0.081004s ]
INFO: [ view_filter ] --START--
INFO: Run Behavior\WriteHtmlCacheBehavior [ RunTime:0.002000s ]
INFO: [ view_filter ] --END-- [ RunTime:0.002000s ]
INFO: [ app_end ] --START--
INFO: Run Behavior\ShowPageTraceBehavior [ RunTime:0.005000s ]
INFO: [ app_end ] --END-- [ RunTime:0.006000s ]

[ 2016-07-16T09:56:47+08:00 ] 127.0.0.1 /index.php/Home/Index/index/p/3.html
INFO: [ app_init ] --START--
INFO: Run Behavior\BuildLiteBehavior [ RunTime:0.000000s ]
INFO: [ app_init ] --END-- [ RunTime:0.001000s ]
INFO: [ app_begin ] --START--
INFO: Run Behavior\ReadHtmlCacheBehavior [ RunTime:0.002000s ]
INFO: [ app_begin ] --END-- [ RunTime:0.003000s ]
SQL: SHOW COLUMNS FROM `focus_pool` [ RunTime:0.0180s ]
SQL: SELECT COUNT(*) AS tp_count FROM `focus_pool` WHERE ( focus_pool.date < '2016-06-01' ) LIMIT 1   [ RunTime:0.0130s ]
SQL: SELECT focus_pool.code,focus_pool.date,`name`,`industry`,`close`,`p_change`,`v2ma20`,`vma20_2_max`,`turnover`,`timetomarket`,`count`,`yield_rate` FROM `focus_pool` left join stocks_info on focus_pool.code = stocks_info.code left join perday_info on focus_pool.code = perday_info.code and focus_pool.date = perday_info.date  WHERE ( focus_pool.date < '2016-06-01' ) ORDER BY yield_rate desc LIMIT 40,20   [ RunTime:0.0180s ]
INFO: [ view_parse ] --START--
INFO: [ template_filter ] --START--
INFO: Run Behavior\ContentReplaceBehavior [ RunTime:0.000000s ]
INFO: [ template_filter ] --END-- [ RunTime:0.001000s ]
INFO: Run Behavior\ParseTemplateBehavior [ RunTime:0.060003s ]
INFO: [ view_parse ] --END-- [ RunTime:0.060003s ]
INFO: [ view_filter ] --START--
INFO: Run Behavior\WriteHtmlCacheBehavior [ RunTime:0.002000s ]
INFO: [ view_filter ] --END-- [ RunTime:0.003000s ]
INFO: [ app_end ] --START--
INFO: Run Behavior\ShowPageTraceBehavior [ RunTime:0.004001s ]
INFO: [ app_end ] --END-- [ RunTime:0.004001s ]

[ 2016-07-16T09:56:57+08:00 ] 127.0.0.1 /index.php/Home/Index/delete.html?items=002311,300157
INFO: [ app_init ] --START--
INFO: Run Behavior\BuildLiteBehavior [ RunTime:0.000000s ]
INFO: [ app_init ] --END-- [ RunTime:0.003000s ]
INFO: [ app_begin ] --START--
INFO: Run Behavior\ReadHtmlCacheBehavior [ RunTime:0.021001s ]
INFO: [ app_begin ] --END-- [ RunTime:0.021001s ]
INFO: [ app_end ] --START--
INFO: Run Behavior\ShowPageTraceBehavior [ RunTime:0.002001s ]
INFO: [ app_end ] --END-- [ RunTime:0.002001s ]

[ 2016-07-16T09:57:06+08:00 ] 127.0.0.1 /index.php/Home/Index/delete.html?items=002311,300157,002311,300157,002114
INFO: [ app_init ] --START--
INFO: Run Behavior\BuildLiteBehavior [ RunTime:0.000000s ]
INFO: [ app_init ] --END-- [ RunTime:0.002000s ]
INFO: [ app_begin ] --START--
INFO: Run Behavior\ReadHtmlCacheBehavior [ RunTime:0.003001s ]
INFO: [ app_begin ] --END-- [ RunTime:0.003001s ]
INFO: [ app_end ] --START--
INFO: Run Behavior\ShowPageTraceBehavior [ RunTime:0.001000s ]
INFO: [ app_end ] --END-- [ RunTime:0.002000s ]

[ 2016-07-16T09:57:35+08:00 ] 127.0.0.1 /index.php/Home/Index/delete.html?items=002311,300157,002311,300157,002114,002311,300157,002114
INFO: [ app_init ] --START--
INFO: Run Behavior\BuildLiteBehavior [ RunTime:0.000000s ]
INFO: [ app_init ] --END-- [ RunTime:0.002000s ]
INFO: [ app_begin ] --START--
INFO: Run Behavior\ReadHtmlCacheBehavior [ RunTime:0.002000s ]
INFO: [ app_begin ] --END-- [ RunTime:0.003000s ]
INFO: [ app_end ] --START--
INFO: Run Behavior\ShowPageTraceBehavior [ RunTime:0.002000s ]
INFO: [ app_end ] --END-- [ RunTime:0.002000s ]

[ 2016-07-16T10:00:41+08:00 ] 127.0.0.1 /index.php/Home/Index/delete.html?items=002311,300157,002311,300157,002114,002311,300157,002114,002311,300157,002114
INFO: [ app_init ] --START--
INFO: Run Behavior\BuildLiteBehavior [ RunTime:0.000000s ]
INFO: [ app_init ] --END-- [ RunTime:0.000000s ]
INFO: [ app_begin ] --START--
INFO: Run Behavior\ReadHtmlCacheBehavior [ RunTime:0.003000s ]
INFO: [ app_begin ] --END-- [ RunTime:0.003000s ]
INFO: [ app_end ] --START--
INFO: Run Behavior\ShowPageTraceBehavior [ RunTime:0.002000s ]
INFO: [ app_end ] --END-- [ RunTime:0.002000s ]

[ 2016-07-16T10:00:46+08:00 ] 127.0.0.1 /index.php/Home/Index/index/p/3.html
INFO: [ app_init ] --START--
INFO: Run Behavior\BuildLiteBehavior [ RunTime:0.000000s ]
INFO: [ app_init ] --END-- [ RunTime:0.002000s ]
INFO: [ app_begin ] --START--
INFO: Run Behavior\ReadHtmlCacheBehavior [ RunTime:0.003001s ]
INFO: [ app_begin ] --END-- [ RunTime:0.003001s ]
SQL: SHOW COLUMNS FROM `focus_pool` [ RunTime:0.0160s ]
SQL: SELECT COUNT(*) AS tp_count FROM `focus_pool` WHERE ( focus_pool.date < '2016-06-01' ) LIMIT 1   [ RunTime:0.0050s ]
SQL: SELECT focus_pool.code,focus_pool.date,`name`,`industry`,`close`,`p_change`,`v2ma20`,`vma20_2_max`,`turnover`,`timetomarket`,`count`,`yield_rate` FROM `focus_pool` left join stocks_info on focus_pool.code = stocks_info.code left join perday_info on focus_pool.code = perday_info.code and focus_pool.date = perday_info.date  WHERE ( focus_pool.date < '2016-06-01' ) ORDER BY yield_rate desc LIMIT 40,20   [ RunTime:0.0156s ]
INFO: [ view_parse ] --START--
INFO: [ template_filter ] --START--
INFO: Run Behavior\ContentReplaceBehavior [ RunTime:0.001000s ]
INFO: [ template_filter ] --END-- [ RunTime:0.001000s ]
INFO: Run Behavior\ParseTemplateBehavior [ RunTime:0.068004s ]
INFO: [ view_parse ] --END-- [ RunTime:0.069004s ]
INFO: [ view_filter ] --START--
INFO: Run Behavior\WriteHtmlCacheBehavior [ RunTime:0.001000s ]
INFO: [ view_filter ] --END-- [ RunTime:0.002000s ]
INFO: [ app_end ] --START--
INFO: Run Behavior\ShowPageTraceBehavior [ RunTime:0.002000s ]
INFO: [ app_end ] --END-- [ RunTime:0.003000s ]

[ 2016-07-16T10:01:39+08:00 ] 127.0.0.1 /index.php/Home/Index/index/p/3.html
INFO: [ app_init ] --START--
INFO: Run Behavior\BuildLiteBehavior [ RunTime:0.000000s ]
INFO: [ app_init ] --END-- [ RunTime:0.001000s ]
INFO: [ app_begin ] --START--
INFO: Run Behavior\ReadHtmlCacheBehavior [ RunTime:0.002000s ]
INFO: [ app_begin ] --END-- [ RunTime:0.004000s ]
SQL: SHOW COLUMNS FROM `focus_pool` [ RunTime:0.0150s ]
SQL: SELECT COUNT(*) AS tp_count FROM `focus_pool` WHERE ( focus_pool.date < '2016-06-01' ) LIMIT 1   [ RunTime:0.0120s ]
SQL: SELECT focus_pool.code,focus_pool.date,`name`,`industry`,`close`,`p_change`,`v2ma20`,`vma20_2_max`,`turnover`,`timetomarket`,`count`,`yield_rate` FROM `focus_pool` left join stocks_info on focus_pool.code = stocks_info.code left join perday_info on focus_pool.code = perday_info.code and focus_pool.date = perday_info.date  WHERE ( focus_pool.date < '2016-06-01' ) ORDER BY yield_rate desc LIMIT 40,20   [ RunTime:0.0150s ]
INFO: [ view_parse ] --START--
INFO: [ template_filter ] --START--
INFO: Run Behavior\ContentReplaceBehavior [ RunTime:0.000000s ]
INFO: [ template_filter ] --END-- [ RunTime:0.000000s ]
INFO: Run Behavior\ParseTemplateBehavior [ RunTime:0.057004s ]
INFO: [ view_parse ] --END-- [ RunTime:0.058004s ]
INFO: [ view_filter ] --START--
INFO: Run Behavior\WriteHtmlCacheBehavior [ RunTime:0.001000s ]
INFO: [ view_filter ] --END-- [ RunTime:0.001000s ]
INFO: [ app_end ] --START--
INFO: Run Behavior\ShowPageTraceBehavior [ RunTime:0.002000s ]
INFO: [ app_end ] --END-- [ RunTime:0.002000s ]

[ 2016-07-16T10:01:58+08:00 ] 127.0.0.1 /index.php/Home/Index/index/p/3.html
INFO: [ app_init ] --START--
INFO: Run Behavior\BuildLiteBehavior [ RunTime:0.000000s ]
INFO: [ app_init ] --END-- [ RunTime:0.002000s ]
INFO: [ app_begin ] --START--
INFO: Run Behavior\ReadHtmlCacheBehavior [ RunTime:0.002000s ]
INFO: [ app_begin ] --END-- [ RunTime:0.002000s ]
SQL: SHOW COLUMNS FROM `focus_pool` [ RunTime:0.0160s ]
SQL: SELECT COUNT(*) AS tp_count FROM `focus_pool` WHERE ( focus_pool.date < '2016-06-01' ) LIMIT 1   [ RunTime:0.0130s ]
SQL: SELECT focus_pool.code,focus_pool.date,`name`,`industry`,`close`,`p_change`,`v2ma20`,`vma20_2_max`,`turnover`,`timetomarket`,`count`,`yield_rate` FROM `focus_pool` left join stocks_info on focus_pool.code = stocks_info.code left join perday_info on focus_pool.code = perday_info.code and focus_pool.date = perday_info.date  WHERE ( focus_pool.date < '2016-06-01' ) ORDER BY yield_rate desc LIMIT 40,20   [ RunTime:0.0150s ]
INFO: [ view_parse ] --START--
INFO: [ template_filter ] --START--
INFO: Run Behavior\ContentReplaceBehavior [ RunTime:0.001000s ]
INFO: [ template_filter ] --END-- [ RunTime:0.001000s ]
INFO: Run Behavior\ParseTemplateBehavior [ RunTime:0.056003s ]
INFO: [ view_parse ] --END-- [ RunTime:0.056003s ]
INFO: [ view_filter ] --START--
INFO: Run Behavior\WriteHtmlCacheBehavior [ RunTime:0.001000s ]
INFO: [ view_filter ] --END-- [ RunTime:0.001000s ]
INFO: [ app_end ] --START--
INFO: Run Behavior\ShowPageTraceBehavior [ RunTime:0.002000s ]
INFO: [ app_end ] --END-- [ RunTime:0.002000s ]

[ 2016-07-16T10:05:36+08:00 ] 127.0.0.1 /index.php/Home/Index/index/p/3.html
INFO: [ app_init ] --START--
INFO: Run Behavior\BuildLiteBehavior [ RunTime:0.000000s ]
INFO: [ app_init ] --END-- [ RunTime:0.002001s ]
INFO: [ app_begin ] --START--
INFO: Run Behavior\ReadHtmlCacheBehavior [ RunTime:0.002000s ]
INFO: [ app_begin ] --END-- [ RunTime:0.003000s ]
SQL: SHOW COLUMNS FROM `focus_pool` [ RunTime:0.0150s ]
SQL: SELECT COUNT(*) AS tp_count FROM `focus_pool` WHERE ( focus_pool.date < '2016-06-01' ) LIMIT 1   [ RunTime:0.0140s ]
SQL: SELECT focus_pool.code,focus_pool.date,`name`,`industry`,`close`,`p_change`,`v2ma20`,`vma20_2_max`,`turnover`,`timetomarket`,`count`,`yield_rate` FROM `focus_pool` left join stocks_info on focus_pool.code = stocks_info.code left join perday_info on focus_pool.code = perday_info.code and focus_pool.date = perday_info.date  WHERE ( focus_pool.date < '2016-06-01' ) ORDER BY yield_rate desc LIMIT 40,20   [ RunTime:0.0120s ]
INFO: [ view_parse ] --START--
INFO: [ template_filter ] --START--
INFO: Run Behavior\ContentReplaceBehavior [ RunTime:0.000000s ]
INFO: [ template_filter ] --END-- [ RunTime:0.000000s ]
INFO: Run Behavior\ParseTemplateBehavior [ RunTime:0.048800s ]
INFO: [ view_parse ] --END-- [ RunTime:0.048800s ]
INFO: [ view_filter ] --START--
INFO: Run Behavior\WriteHtmlCacheBehavior [ RunTime:0.015600s ]
INFO: [ view_filter ] --END-- [ RunTime:0.015600s ]
INFO: [ app_end ] --START--
INFO: Run Behavior\ShowPageTraceBehavior [ RunTime:0.000000s ]
INFO: [ app_end ] --END-- [ RunTime:0.000000s ]

[ 2016-07-16T10:06:01+08:00 ] 127.0.0.1 /index.php/Home/Index/index/p/3.html
INFO: [ app_init ] --START--
INFO: Run Behavior\BuildLiteBehavior [ RunTime:0.000000s ]
INFO: [ app_init ] --END-- [ RunTime:0.002001s ]
INFO: [ app_begin ] --START--
INFO: Run Behavior\ReadHtmlCacheBehavior [ RunTime:0.002000s ]
INFO: [ app_begin ] --END-- [ RunTime:0.003000s ]
SQL: SHOW COLUMNS FROM `focus_pool` [ RunTime:0.0160s ]
SQL: SELECT COUNT(*) AS tp_count FROM `focus_pool` WHERE ( focus_pool.date < '2016-06-01' ) LIMIT 1   [ RunTime:0.0130s ]
SQL: SELECT focus_pool.code,focus_pool.date,`name`,`industry`,`close`,`p_change`,`v2ma20`,`vma20_2_max`,`turnover`,`timetomarket`,`count`,`yield_rate` FROM `focus_pool` left join stocks_info on focus_pool.code = stocks_info.code left join perday_info on focus_pool.code = perday_info.code and focus_pool.date = perday_info.date  WHERE ( focus_pool.date < '2016-06-01' ) ORDER BY yield_rate desc LIMIT 40,20   [ RunTime:0.0160s ]
INFO: [ view_parse ] --START--
INFO: [ template_filter ] --START--
INFO: Run Behavior\ContentReplaceBehavior [ RunTime:0.000000s ]
INFO: [ template_filter ] --END-- [ RunTime:0.001000s ]
INFO: Run Behavior\ParseTemplateBehavior [ RunTime:0.054003s ]
INFO: [ view_parse ] --END-- [ RunTime:0.054003s ]
INFO: [ view_filter ] --START--
INFO: Run Behavior\WriteHtmlCacheBehavior [ RunTime:0.001000s ]
INFO: [ view_filter ] --END-- [ RunTime:0.001000s ]
INFO: [ app_end ] --START--
INFO: Run Behavior\ShowPageTraceBehavior [ RunTime:0.001000s ]
INFO: [ app_end ] --END-- [ RunTime:0.002000s ]

[ 2016-07-16T10:06:21+08:00 ] 127.0.0.1 /index.php/Home/Index/delete.html?items=002311,300157,002114
INFO: [ app_init ] --START--
INFO: Run Behavior\BuildLiteBehavior [ RunTime:0.001000s ]
INFO: [ app_init ] --END-- [ RunTime:0.003000s ]
INFO: [ app_begin ] --START--
INFO: Run Behavior\ReadHtmlCacheBehavior [ RunTime:0.002000s ]
INFO: [ app_begin ] --END-- [ RunTime:0.003000s ]
INFO: [ app_end ] --START--
INFO: Run Behavior\ShowPageTraceBehavior [ RunTime:0.002000s ]
INFO: [ app_end ] --END-- [ RunTime:0.003000s ]

[ 2016-07-16T10:06:29+08:00 ] 127.0.0.1 /index.php/Home/Index/delete.html?items=002311,300157,002114,000019
INFO: [ app_init ] --START--
INFO: Run Behavior\BuildLiteBehavior [ RunTime:0.000000s ]
INFO: [ app_init ] --END-- [ RunTime:0.003000s ]
INFO: [ app_begin ] --START--
INFO: Run Behavior\ReadHtmlCacheBehavior [ RunTime:0.002000s ]
INFO: [ app_begin ] --END-- [ RunTime:0.002000s ]
INFO: [ app_end ] --START--
INFO: Run Behavior\ShowPageTraceBehavior [ RunTime:0.002000s ]
INFO: [ app_end ] --END-- [ RunTime:0.003000s ]

[ 2016-07-16T10:06:41+08:00 ] 127.0.0.1 /index.php/Home/Index/delete.html?items=002311,002114,000019
INFO: [ app_init ] --START--
INFO: Run Behavior\BuildLiteBehavior [ RunTime:0.000000s ]
INFO: [ app_init ] --END-- [ RunTime:0.002000s ]
INFO: [ app_begin ] --START--
INFO: Run Behavior\ReadHtmlCacheBehavior [ RunTime:0.002000s ]
INFO: [ app_begin ] --END-- [ RunTime:0.002000s ]
INFO: [ app_end ] --START--
INFO: Run Behavior\ShowPageTraceBehavior [ RunTime:0.002000s ]
INFO: [ app_end ] --END-- [ RunTime:0.004000s ]

[ 2016-07-16T10:06:47+08:00 ] 127.0.0.1 /index.php/Home/Index/delete.html?items=002311
INFO: [ app_init ] --START--
INFO: Run Behavior\BuildLiteBehavior [ RunTime:0.000000s ]
INFO: [ app_init ] --END-- [ RunTime:0.002000s ]
INFO: [ app_begin ] --START--
INFO: Run Behavior\ReadHtmlCacheBehavior [ RunTime:0.002000s ]
INFO: [ app_begin ] --END-- [ RunTime:0.003001s ]
INFO: [ app_end ] --START--
INFO: Run Behavior\ShowPageTraceBehavior [ RunTime:0.002000s ]
INFO: [ app_end ] --END-- [ RunTime:0.002000s ]

[ 2016-07-16T10:06:51+08:00 ] 127.0.0.1 /index.php/Home/Index/delete.html?items=300455,002311
INFO: [ app_init ] --START--
INFO: Run Behavior\BuildLiteBehavior [ RunTime:0.000000s ]
INFO: [ app_init ] --END-- [ RunTime:0.006001s ]
INFO: [ app_begin ] --START--
INFO: Run Behavior\ReadHtmlCacheBehavior [ RunTime:0.003000s ]
INFO: [ app_begin ] --END-- [ RunTime:0.003000s ]
INFO: [ app_end ] --START--
INFO: Run Behavior\ShowPageTraceBehavior [ RunTime:0.002000s ]
INFO: [ app_end ] --END-- [ RunTime:0.004001s ]

[ 2016-07-16T10:08:39+08:00 ] 127.0.0.1 /index.php/Home/Index/delete.html?items=300455,002311
INFO: [ app_init ] --START--
INFO: Run Behavior\BuildLiteBehavior [ RunTime:0.000000s ]
INFO: [ app_init ] --END-- [ RunTime:0.001000s ]
INFO: [ app_begin ] --START--
INFO: Run Behavior\ReadHtmlCacheBehavior [ RunTime:0.003000s ]
INFO: [ app_begin ] --END-- [ RunTime:0.003000s ]
INFO: [ app_end ] --START--
INFO: Run Behavior\ShowPageTraceBehavior [ RunTime:0.001000s ]
INFO: [ app_end ] --END-- [ RunTime:0.003000s ]

[ 2016-07-16T10:11:01+08:00 ] 127.0.0.1 /index.php/Home/Index/delete.html?items=300455,002311
INFO: [ app_init ] --START--
INFO: Run Behavior\BuildLiteBehavior [ RunTime:0.000000s ]
INFO: [ app_init ] --END-- [ RunTime:0.000000s ]
INFO: [ app_begin ] --START--
INFO: Run Behavior\ReadHtmlCacheBehavior [ RunTime:0.000000s ]
INFO: [ app_begin ] --END-- [ RunTime:0.000000s ]
INFO: [ app_end ] --START--
INFO: Run Behavior\ShowPageTraceBehavior [ RunTime:0.000000s ]
INFO: [ app_end ] --END-- [ RunTime:0.000000s ]

[ 2016-07-16T10:11:49+08:00 ] 127.0.0.1 /index.php/Home/Index/delete.html?items=300455,002311
INFO: [ app_init ] --START--
INFO: Run Behavior\BuildLiteBehavior [ RunTime:0.000000s ]
INFO: [ app_init ] --END-- [ RunTime:0.002001s ]
INFO: [ app_begin ] --START--
INFO: Run Behavior\ReadHtmlCacheBehavior [ RunTime:0.003000s ]
INFO: [ app_begin ] --END-- [ RunTime:0.003000s ]

[ 2016-07-16T10:21:39+08:00 ] 127.0.0.1 /index.php/Home/Index/delete.html?items=300455,600891,002311
INFO: [ app_init ] --START--
INFO: Run Behavior\BuildLiteBehavior [ RunTime:0.000000s ]
INFO: [ app_init ] --END-- [ RunTime:0.002000s ]
INFO: [ app_begin ] --START--
INFO: Run Behavior\ReadHtmlCacheBehavior [ RunTime:0.002000s ]
INFO: [ app_begin ] --END-- [ RunTime:0.002000s ]

[ 2016-07-16T10:30:14+08:00 ] 127.0.0.1 /
INFO: [ app_init ] --START--
INFO: Run Behavior\BuildLiteBehavior [ RunTime:0.000000s ]
INFO: [ app_init ] --END-- [ RunTime:0.002001s ]
INFO: [ app_begin ] --START--
INFO: Run Behavior\ReadHtmlCacheBehavior [ RunTime:0.006000s ]
INFO: [ app_begin ] --END-- [ RunTime:0.006000s ]
SQL: SHOW COLUMNS FROM `focus_pool` [ RunTime:0.0140s ]
SQL: SELECT COUNT(*) AS tp_count FROM `focus_pool` WHERE ( focus_pool.date < '2016-01-29' ) LIMIT 1   [ RunTime:0.0010s ]
SQL: SELECT focus_pool.code,focus_pool.date,`name`,`industry`,`close`,`p_change`,`v2ma20`,`vma20_2_max`,`turnover`,`timetomarket`,`count`,`yield_rate` FROM `focus_pool` left join stocks_info on focus_pool.code = stocks_info.code left join perday_info on focus_pool.code = perday_info.code and focus_pool.date = perday_info.date  WHERE ( focus_pool.date < '2016-01-29' ) ORDER BY yield_rate desc LIMIT 0,20   [ RunTime:0.0060s ]
INFO: [ view_parse ] --START--
INFO: [ template_filter ] --START--
INFO: Run Behavior\ContentReplaceBehavior [ RunTime:0.001000s ]
INFO: [ template_filter ] --END-- [ RunTime:0.001000s ]
INFO: Run Behavior\ParseTemplateBehavior [ RunTime:0.122007s ]
INFO: [ view_parse ] --END-- [ RunTime:0.122007s ]
INFO: [ view_filter ] --START--
INFO: Run Behavior\WriteHtmlCacheBehavior [ RunTime:0.009000s ]
INFO: [ view_filter ] --END-- [ RunTime:0.009000s ]
INFO: [ app_end ] --START--
INFO: Run Behavior\ShowPageTraceBehavior [ RunTime:0.025002s ]
INFO: [ app_end ] --END-- [ RunTime:0.025002s ]

[ 2016-07-16T10:30:51+08:00 ] 127.0.0.1 /index.php/Home/Index/delete.html?items=600012
INFO: [ app_init ] --START--
INFO: Run Behavior\BuildLiteBehavior [ RunTime:0.000000s ]
INFO: [ app_init ] --END-- [ RunTime:0.002000s ]
INFO: [ app_begin ] --START--
INFO: Run Behavior\ReadHtmlCacheBehavior [ RunTime:0.002001s ]
INFO: [ app_begin ] --END-- [ RunTime:0.003001s ]
SQL: SHOW COLUMNS FROM `focus_pool` [ RunTime:0.0140s ]
SQL: DELETE FROM `focus_pool` WHERE `code` IN ('600012') [ RunTime:0.0270s ]
SQL: SELECT COUNT(*) AS tp_count FROM `focus_pool` WHERE ( focus_pool.date < '2016-01-29' ) LIMIT 1   [ RunTime:0.0010s ]
SQL: SELECT focus_pool.code,focus_pool.date,`name`,`industry`,`close`,`p_change`,`v2ma20`,`vma20_2_max`,`turnover`,`timetomarket`,`count`,`yield_rate` FROM `focus_pool` left join stocks_info on focus_pool.code = stocks_info.code left join perday_info on focus_pool.code = perday_info.code and focus_pool.date = perday_info.date  WHERE ( focus_pool.date < '2016-01-29' ) ORDER BY yield_rate desc LIMIT 0,20   [ RunTime:0.0060s ]
ERR: 模板不存在:./Application/Home/View/Index/delete.html

[ 2016-07-16T10:32:08+08:00 ] 127.0.0.1 /
INFO: [ app_init ] --START--
INFO: Run Behavior\BuildLiteBehavior [ RunTime:0.000000s ]
INFO: [ app_init ] --END-- [ RunTime:0.002001s ]
INFO: [ app_begin ] --START--
INFO: Run Behavior\ReadHtmlCacheBehavior [ RunTime:0.002000s ]
INFO: [ app_begin ] --END-- [ RunTime:0.002000s ]
SQL: SHOW COLUMNS FROM `focus_pool` [ RunTime:0.0160s ]
SQL: SELECT COUNT(*) AS tp_count FROM `focus_pool` WHERE ( focus_pool.date < '2016-01-29' ) LIMIT 1   [ RunTime:0.0010s ]
SQL: SELECT focus_pool.code,focus_pool.date,`name`,`industry`,`close`,`p_change`,`v2ma20`,`vma20_2_max`,`turnover`,`timetomarket`,`count`,`yield_rate` FROM `focus_pool` left join stocks_info on focus_pool.code = stocks_info.code left join perday_info on focus_pool.code = perday_info.code and focus_pool.date = perday_info.date  WHERE ( focus_pool.date < '2016-01-29' ) ORDER BY yield_rate desc LIMIT 0,20   [ RunTime:0.0060s ]
INFO: [ view_parse ] --START--
INFO: [ template_filter ] --START--
INFO: Run Behavior\ContentReplaceBehavior [ RunTime:0.000000s ]
INFO: [ template_filter ] --END-- [ RunTime:0.000000s ]
INFO: Run Behavior\ParseTemplateBehavior [ RunTime:0.064004s ]
INFO: [ view_parse ] --END-- [ RunTime:0.064004s ]
INFO: [ view_filter ] --START--
INFO: Run Behavior\WriteHtmlCacheBehavior [ RunTime:0.001000s ]
INFO: [ view_filter ] --END-- [ RunTime:0.002000s ]
INFO: [ app_end ] --START--
INFO: Run Behavior\ShowPageTraceBehavior [ RunTime:0.002000s ]
INFO: [ app_end ] --END-- [ RunTime:0.003000s ]

[ 2016-07-16T10:32:26+08:00 ] 127.0.0.1 /index.php/Home/Index/delete.html?items=300370,002597,002530,600237,600227,600155,002624,600838
INFO: [ app_init ] --START--
INFO: Run Behavior\BuildLiteBehavior [ RunTime:0.000000s ]
INFO: [ app_init ] --END-- [ RunTime:0.003000s ]
INFO: [ app_begin ] --START--
INFO: Run Behavior\ReadHtmlCacheBehavior [ RunTime:0.002000s ]
INFO: [ app_begin ] --END-- [ RunTime:0.002000s ]
SQL: SHOW COLUMNS FROM `focus_pool` [ RunTime:0.0160s ]
SQL: DELETE FROM `focus_pool` WHERE `code` IN ('300370','002597','002530','600237','600227','600155','002624','600838') [ RunTime:0.0030s ]
SQL: SELECT COUNT(*) AS tp_count FROM `focus_pool` WHERE ( focus_pool.date < '2016-01-29' ) LIMIT 1   [ RunTime:0.0010s ]
SQL: SELECT focus_pool.code,focus_pool.date,`name`,`industry`,`close`,`p_change`,`v2ma20`,`vma20_2_max`,`turnover`,`timetomarket`,`count`,`yield_rate` FROM `focus_pool` left join stocks_info on focus_pool.code = stocks_info.code left join perday_info on focus_pool.code = perday_info.code and focus_pool.date = perday_info.date  WHERE ( focus_pool.date < '2016-01-29' ) ORDER BY yield_rate desc LIMIT 0,20   [ RunTime:0.0040s ]
INFO: [ view_parse ] --START--
INFO: [ template_filter ] --START--
INFO: Run Behavior\ContentReplaceBehavior [ RunTime:0.001000s ]
INFO: [ template_filter ] --END-- [ RunTime:0.001000s ]
INFO: Run Behavior\ParseTemplateBehavior [ RunTime:0.055003s ]
INFO: [ view_parse ] --END-- [ RunTime:0.055003s ]
INFO: [ view_filter ] --START--
INFO: Run Behavior\WriteHtmlCacheBehavior [ RunTime:0.001001s ]
INFO: [ view_filter ] --END-- [ RunTime:0.002001s ]
INFO: [ app_end ] --START--
INFO: Run Behavior\ShowPageTraceBehavior [ RunTime:0.002000s ]
INFO: [ app_end ] --END-- [ RunTime:0.002000s ]

[ 2016-07-16T10:32:27+08:00 ] 127.0.0.1 /index.php/Home/Index/favicon.ico
INFO: [ app_init ] --START--
INFO: Run Behavior\BuildLiteBehavior [ RunTime:0.000000s ]
INFO: [ app_init ] --END-- [ RunTime:0.001000s ]

[ 2016-07-16T10:32:27+08:00 ] 127.0.0.1 /index.php/Home/Index/favicon.ico
INFO: [ app_init ] --START--
INFO: Run Behavior\BuildLiteBehavior [ RunTime:0.001000s ]
INFO: [ app_init ] --END-- [ RunTime:0.002000s ]

[ 2016-07-16T10:33:06+08:00 ] 127.0.0.1 /index.php/Home/Index/delete.html?items=600610,603126
INFO: [ app_init ] --START--
INFO: Run Behavior\BuildLiteBehavior [ RunTime:0.000000s ]
INFO: [ app_init ] --END-- [ RunTime:0.002000s ]
INFO: [ app_begin ] --START--
INFO: Run Behavior\ReadHtmlCacheBehavior [ RunTime:0.002001s ]
INFO: [ app_begin ] --END-- [ RunTime:0.003001s ]
SQL: SHOW COLUMNS FROM `focus_pool` [ RunTime:0.0150s ]
SQL: DELETE FROM `focus_pool` WHERE `code` IN ('600610','603126') [ RunTime:0.0010s ]
SQL: SELECT COUNT(*) AS tp_count FROM `focus_pool` WHERE ( focus_pool.date < '2016-01-29' ) LIMIT 1   [ RunTime:0.0000s ]
SQL: SELECT focus_pool.code,focus_pool.date,`name`,`industry`,`close`,`p_change`,`v2ma20`,`vma20_2_max`,`turnover`,`timetomarket`,`count`,`yield_rate` FROM `focus_pool` left join stocks_info on focus_pool.code = stocks_info.code left join perday_info on focus_pool.code = perday_info.code and focus_pool.date = perday_info.date  WHERE ( focus_pool.date < '2016-01-29' ) ORDER BY yield_rate desc LIMIT 0,20   [ RunTime:0.0040s ]
INFO: [ view_parse ] --START--
INFO: [ template_filter ] --START--
INFO: Run Behavior\ContentReplaceBehavior [ RunTime:0.000000s ]
INFO: [ template_filter ] --END-- [ RunTime:0.000000s ]
INFO: Run Behavior\ParseTemplateBehavior [ RunTime:0.055003s ]
INFO: [ view_parse ] --END-- [ RunTime:0.055003s ]
INFO: [ view_filter ] --START--
INFO: Run Behavior\WriteHtmlCacheBehavior [ RunTime:0.001000s ]
INFO: [ view_filter ] --END-- [ RunTime:0.001000s ]
INFO: [ app_end ] --START--
INFO: Run Behavior\ShowPageTraceBehavior [ RunTime:0.002000s ]
INFO: [ app_end ] --END-- [ RunTime:0.002000s ]

